1518432572364	geckodriver	INFO	geckodriver 0.19.1
1518432572374	geckodriver	INFO	Listening on 127.0.0.1:62471
1518432575474	mozrunner::runner	INFO	Running command: "D:\\softwares\\Firefox\\firefox.exe" "-marionette" "-profile" "C:\\Users\\ZELIE~1.ASU\\AppData\\Local\\Temp\\rust_mozprofile.03OIC6WJrb1N"
1518432578445	Marionette	INFO	Enabled via --marionette
Unable to read VR Path Registry from C:\Users\zelie.ASUS-TANGUY\AppData\Local\openvr\openvrpaths.vrpath
[Child 19972, Chrome_ChildThread] WARNING: pipe error: 109: file z:/build/build/src/ipc/chromium/src/chrome/common/ipc_channel_win.cc, line 346
[Child 19972, Chrome_ChildThread] WARNING: pipe error: 109: file z:/build/build/src/ipc/chromium/src/chrome/common/ipc_channel_win.cc, line 346
1518432581400	Marionette	INFO	Listening on port 62483
1518432581816	Marionette	WARN	TLS certificate errors will be ignored for this session
1518432581874	Marionette	DEBUG	Register listener.js for window 4294967297
Unable to read VR Path Registry from C:\Users\zelie.ASUS-TANGUY\AppData\Local\openvr\openvrpaths.vrpath
[Child 22236, Chrome_ChildThread] WARNING: pipe error: 109: file z:/build/build/src/ipc/chromium/src/chrome/common/ipc_channel_win.cc, line 346
Unable to read VR Path Registry from C:\Users\zelie.ASUS-TANGUY\AppData\Local\openvr\openvrpaths.vrpath
[Child 10452, Chrome_ChildThread] WARNING: pipe error: 109: file z:/build/build/src/ipc/chromium/src/chrome/common/ipc_channel_win.cc, line 346
*** UTM:SVC TimerManager:registerTimer called after profile-before-change notification. Ignoring timer registration for id: telemetry_modules_ping

###!!! [Child][MessageChannel::SendAndWait] Error: Channel error: cannot send/recv

Unable to read VR Path Registry from C:\Users\zelie.ASUS-TANGUY\AppData\Local\openvr\openvrpaths.vrpath
 certificate errors will be ignored for this session
1518432588319	Marionette	DEBUG	Register listener.js for window 4294967297
Unable to read VR Path Registry from C:\Users\zelie.ASUS-TANGUY\AppData\Local\openvr\openvrpaths.vrpath
[Parent 19324, Gecko_IOThread] WARNING: pipe error: 109: file z:/build/build/src/ipc/chromium/src/chrome/common/ipc_channel_win.cc, line 346
*** UTM:SVC TimerManager:registerTimer called after profile-before-change notification. Ignoring timer registration for id: telemetry_modules_ping

###!!! [Child][MessageChannel::SendAndWait] Error: Channel error: cannot send/recv

me_ChildThread] WARNING: pipe error: 109: file z:/build/build/src/ipc/chromium/src/chrome/common/ipc_channel_win.cc, line 346
[Child 15492, Chrome_ChildThread] WARNING: pipe error: 109: file z:/build/build/src/ipc/chromium/src/chrome/common/ipc_channel_win.cc, line 346
1518432593860	Marionette	INFO	Listening on port 62567
1518432594911	Marionette	WARN	TLS certificate errors will be ignored for this session
1518432594961	Marionette	DEBUG	Register listener.js for window 4294967297
1518432595101	Marionette	DEBUG	Received DOM event "beforeunload" for "about:blank"
1518432596160	Marionette	DEBUG	Received DOM event "beforeunload" for "about:blank"
1518432596172	Marionette	DEBUG	Received DOM event "pagehide" for "about:blank"
1518432596172	Marionette	DEBUG	Received DOM event "unload" for "about:blank"
1518432596253	Marionette	DEBUG	Received DOM event "DOMContentLoaded" for "about:neterror?e=connectionFailure&u=http%3A//127.0.0.1%3A8000/planner/signup/&c=UTF-8&f=regular&d=Firefox%20ne%20peut%20%C3%A9tablir%20de%20connexion%20avec%20le%20serveur%20%C3%A0%20l%E2%80%99adresse%20127.0.0.1%3A8000."
Unable to read VR Path Registry from C:\Users\zelie.ASUS-TANGUY\AppData\Local\openvr\openvrpaths.vrpath
[Child 17768, Chrome_ChildThread] WARNING: pipe error: 109: file z:/build/build/src/ipc/chromium/src/chrome/common/ipc_channel_win.cc, line 346
*** UTM:SVC TimerManager:registerTimer called after profile-before-change notification. Ignoring timer registration for id: telemetry_modules_ping

###!!! [Child][MessageChannel::SendAndWait] Error: Channel error: cannot send/recv

Unable to read VR Path Registry from C:\Users\zelie.ASUS-TANGUY\AppData\Local\openvr\openvrpaths.vrpath
1518432634018	geckodriver	INFO	geckodriver 0.19.1
1518432634026	geckodriver	INFO	Listening on 127.0.0.1:62660
1518432637147	mozrunner::runner	INFO	Running command: "D:\\softwares\\Firefox\\firefox.exe" "-marionette" "-profile" "C:\\Users\\ZELIE~1.ASU\\AppData\\Local\\Temp\\rust_mozprofile.0t1ox0ujfStq"
1518432637852	Marionette	INFO	Enabled via --marionette
Unable to read VR Path Registry from C:\Users\zelie.ASUS-TANGUY\AppData\Local\openvr\openvrpaths.vrpath
[Child 11624, Chrome_ChildThread] WARNING: pipe error: 109: file z:/build/build/src/ipc/chromium/src/chrome/common/ipc_channel_win.cc, line 346
[Child 11624, Chrome_ChildThread] WARNING: pipe error: 109: file z:/build/build/src/ipc/chromium/src/chrome/common/ipc_channel_win.cc, line 346
1518432639310	Marionette	INFO	Listening on port 62672
1518432640294	Marionette	WARN	TLS certificate errors will be ignored for this session
1518432640350	Marionette	DEBUG	Register listener.js for window 4294967297
Unable to read VR Path Registry from C:\Users\zelie.ASUS-TANGUY\AppData\Local\openvr\openvrpaths.vrpath
[Parent 23944, Gecko_IOThread] WARNING: pipe error: 109: file z:/build/build/src/ipc/chromium/src/chrome/common/ipc_channel_win.cc, line 346
Unable to read VR Path Registry from C:\Users\zelie.ASUS-TANGUY\AppData\Local\openvr\openvrpaths.vrpath
[Child 10384, Chrome_ChildThread] WARNING: pipe error: 109: file z:/build/build/src/ipc/chromium/src/chrome/common/ipc_channel_win.cc, line 346

###!!! [Child][MessageChannel::SendAndWait] Error: Channel error: cannot send/recv

hannel_win.cc, line 346
[Child 19640, Chrome_ChildThread] WARNING: pipe error: 109: file z:/build/build/src/ipc/chromium/src/chrome/common/ipc_channel_win.cc, line 346
1518432645714	Marionette	INFO	Listening on port 62709
1518432646769	Marionette	WARN	TLS certificate errors will be ignored for this session
1518432646883	Marionette	DEBUG	Register listener.js for window 4294967297

###!!! [Child][MessageChannel::SendAndWait] Error: Channel error: cannot send/recv

Unable to read VR Path Registry from C:\Users\zelie.ASUS-TANGUY\AppData\Local\openvr\openvrpaths.vrpath
fox.exe" "-marionette" "-profile" "C:\\Users\\ZELIE~1.ASU\\AppData\\Local\\Temp\\rust_mozprofile.ayk8fzCaB3jn"
1518432650987	Marionette	INFO	Enabled via --marionette
Unable to read VR Path Registry from C:\Users\zelie.ASUS-TANGUY\AppData\Local\openvr\openvrpaths.vrpath
[Child 22192, Chrome_ChildThread] WARNING: pipe error: 109: file z:/build/build/src/ipc/chromium/src/chrome/common/ipc_channel_win.cc, line 346
[Child 22192, Chrome_ChildThread] WARNING: pipe error: 109: file z:/build/build/src/ipc/chromium/src/chrome/common/ipc_channel_win.cc, line 346
1518432652384	Marionette	INFO	Listening on port 62751
1518432653471	Marionette	WARN	TLS certificate errors will be ignored for this session
1518432653525	Marionette	DEBUG	Register listener.js for window 4294967297
1518432653660	Marionette	DEBUG	Received DOM event "beforeunload" for "about:blank"
1518432655684	Marionette	DEBUG	Received DOM event "beforeunload" for "about:blank"
1518432655687	Marionette	DEBUG	Received DOM event "pagehide" for "about:blank"
1518432655687	Marionette	DEBUG	Received DOM event "unload" for "about:blank"
1518432655726	Marionette	DEBUG	Received DOM event "DOMContentLoaded" for "about:neterror?e=connectionFailure&u=http%3A//localhost%3A8000/planner/signup/&c=UTF-8&f=regular&d=Firefox%20ne%20peut%20%C3%A9tablir%20de%20connexion%20avec%20le%20serveur%20%C3%A0%20l%E2%80%99adresse%20localhost%3A8000."

###!!! [Child][MessageChannel::SendAndWait] Error: Channel error: cannot send/recv

Unable to read VR Path Registry from C:\Users\zelie.ASUS-TANGUY\AppData\Local\openvr\openvrpaths.vrpath
fox.exe" "-marionette" "-profile" "C:\\Users\\ZELIE~1.ASU\\AppData\\Local\\Temp\\rust_mozprofile.T8Fd72wyiGzd"
1518432742296	Marionette	INFO	Enabled via --marionette
Unable to read VR Path Registry from C:\Users\zelie.ASUS-TANGUY\AppData\Local\openvr\openvrpaths.vrpath
[Child 19408, Chrome_ChildThread] WARNING: pipe error: 109: file z:/build/build/src/ipc/chromium/src/chrome/common/ipc_channel_win.cc, line 346
[Child 19408, Chrome_ChildThread] WARNING: pipe error: 109: file z:/build/build/src/ipc/chromium/src/chrome/common/ipc_channel_win.cc, line 346
1518432743752	Marionette	INFO	Listening on port 62917
1518432744785	Marionette	WARN	TLS certificate errors will be ignored for this session
1518432744846	Marionette	DEBUG	Register listener.js for window 4294967297
1518432744866	Marionette	DEBUG	Received DOM event "beforeunload" for "about:blank"
1518432746894	Marionette	DEBUG	Received DOM event "beforeunload" for "about:blank"
1518432746895	Marionette	DEBUG	Received DOM event "pagehide" for "about:blank"
1518432746895	Marionette	DEBUG	Received DOM event "unload" for "about:blank"
1518432746923	Marionette	DEBUG	Received DOM event "DOMContentLoaded" for "about:neterror?e=connectionFailure&u=http%3A//localhost%3A8000/planner/signup/&c=UTF-8&f=regular&d=Firefox%20ne%20peut%20%C3%A9tablir%20de%20connexion%20avec%20le%20serveur%20%C3%A0%20l%E2%80%99adresse%20localhost%3A8000."
Unable to read VR Path Registry from C:\Users\zelie.ASUS-TANGUY\AppData\Local\openvr\openvrpaths.vrpath
[Parent 14948, Gecko_IOThread] WARNING: pipe error: 109: file z:/build/build/src/ipc/chromium/src/chrome/common/ipc_channel_win.cc, line 346
Unable to read VR Path Registry from C:\Users\zelie.ASUS-TANGUY\AppData\Local\openvr\openvrpaths.vrpath
[Child 13740, Chrome_ChildThread] WARNING: pipe error: 109: file z:/build/build/src/ipc/chromium/src/chrome/common/ipc_channel_win.cc, line 346

###!!! [Child][MessageChannel::SendAndWait] Error: Channel error: cannot send/recv

hannel_win.cc, line 346
[Child 24540, Chrome_ChildThread] WARNING: pipe error: 109: file z:/build/build/src/ipc/chromium/src/chrome/common/ipc_channel_win.cc, line 346
1518432848262	Marionette	INFO	Listening on port 63103
1518432849305	Marionette	WARN	TLS certificate errors will be ignored for this session
1518432849354	Marionette	DEBUG	Register listener.js for window 4294967297
1518432849374	Marionette	DEBUG	Received DOM event "beforeunload" for "about:blank"
1518432851413	Marionette	DEBUG	Received DOM event "beforeunload" for "about:blank"
1518432851415	Marionette	DEBUG	Received DOM event "pagehide" for "about:blank"
1518432851415	Marionette	DEBUG	Received DOM event "unload" for "about:blank"
1518432851451	Marionette	DEBUG	Received DOM event "DOMContentLoaded" for "about:neterror?e=connectionFailure&u=http%3A//localhost%3A8000/planner/signup/&c=UTF-8&f=regular&d=Firefox%20ne%20peut%20%C3%A9tablir%20de%20connexion%20avec%20le%20serveur%20%C3%A0%20l%E2%80%99adresse%20localhost%3A8000."
Unable to read VR Path Registry from C:\Users\zelie.ASUS-TANGUY\AppData\Local\openvr\openvrpaths.vrpath
[Parent 1564, Gecko_IOThread] WARNING: pipe error: 109: file z:/build/build/src/ipc/chromium/src/chrome/common/ipc_channel_win.cc, line 346
Unable to read VR Path Registry from C:\Users\zelie.ASUS-TANGUY\AppData\Local\openvr\openvrpaths.vrpath
[Child 15540, Chrome_ChildThread] WARNING: pipe error: 109: file z:/build/build/src/ipc/chromium/src/chrome/common/ipc_channel_win.cc, line 346

###!!! [Child][MessageChannel::SendAndWait] Error: Channel error: cannot send/recv

1518439742820	geckodriver	INFO	geckodriver 0.19.1
1518439742830	geckodriver	INFO	Listening on 127.0.0.1:51650
1518439745908	mozrunner::runner	INFO	Running command: "D:\\softwares\\Firefox\\firefox.exe" "-marionette" "-profile" "C:\\Users\\ZELIE~1.ASU\\AppData\\Local\\Temp\\rust_mozprofile.sUNp5G3zVjdH"
1518439747276	Marionette	INFO	Enabled via --marionette
Unable to read VR Path Registry from C:\Users\zelie.ASUS-TANGUY\AppData\Local\openvr\openvrpaths.vrpath
[Parent 21460, Gecko_IOThread] WARNING: pipe error: 109: file z:/build/build/src/ipc/chromium/src/chrome/common/ipc_channel_win.cc, line 346
Unable to read VR Path Registry from C:\Users\zelie.ASUS-TANGUY\AppData\Local\openvr\openvrpaths.vrpath
[Child 19824, Chrome_ChildThread] WARNING: pipe error: 109: file z:/build/build/src/ipc/chromium/src/chrome/common/ipc_channel_win.cc, line 346
[Child 19824, Chrome_ChildThread] WARNING: pipe error: 109: file z:/build/build/src/ipc/chromium/src/chrome/common/ipc_channel_win.cc, line 346
1518439748798	Marionette	INFO	Listening on port 51662
1518439749043	Marionette	WARN	TLS certificate errors will be ignored for this session
1518439749105	Marionette	DEBUG	Register listener.js for window 4294967297
1518439749125	Marionette	DEBUG	Received DOM event "beforeunload" for "about:blank"
1518439751169	Marionette	DEBUG	Received DOM event "beforeunload" for "about:blank"
1518439751172	Marionette	DEBUG	Received DOM event "pagehide" for "about:blank"
1518439751173	Marionette	DEBUG	Received DOM event "unload" for "about:blank"
1518439751221	Marionette	DEBUG	Received DOM event "DOMContentLoaded" for "about:neterror?e=connectionFailure&u=http%3A//localhost%3A8000/planner/signup/&c=UTF-8&f=regular&d=Firefox%20ne%20peut%20%C3%A9tablir%20de%20connexion%20avec%20le%20serveur%20%C3%A0%20l%E2%80%99adresse%20localhost%3A8000."
Unable to read VR Path Registry from C:\Users\zelie.ASUS-TANGUY\AppData\Local\openvr\openvrpaths.vrpath
[Child 20092, Chrome_ChildThread] WARNING: pipe error: 109: file z:/build/build/src/ipc/chromium/src/chrome/common/ipc_channel_win.cc, line 346

###!!! [Child][MessageChannel::SendAndWait] Error: Channel error: cannot send/recv

led via --marionette
1518439848726	Marionette	INFO	Listening on port 51849
1518439849698	Marionette	WARN	TLS certificate errors will be ignored for this session
1518439849779	Marionette	DEBUG	Register listener.js for window 4294967297
Unable to read VR Path Registry from C:\Users\zelie.ASUS-TANGUY\AppData\Local\openvr\openvrpaths.vrpath
[Parent 11752, Gecko_IOThread] WARNING: pipe error: 109: file z:/build/build/src/ipc/chromium/src/chrome/common/ipc_channel_win.cc, line 346
Unable to read VR Path Registry from C:\Users\zelie.ASUS-TANGUY\AppData\Local\openvr\openvrpaths.vrpath
[Child 5772, Chrome_ChildThread] WARNING: pipe error: 109: file z:/build/build/src/ipc/chromium/src/chrome/common/ipc_channel_win.cc, line 346
] WARNING: pipe error: 109: file z:/build/build/src/ipc/chromium/src/chrome/common/ipc_channel_win.cc, line 346
[Child 2324, Chrome_ChildThread] WARNING: pipe error: 109: file z:/build/build/src/ipc/chromium/src/chrome/common/ipc_channel_win.cc, line 346
1518439855123	Marionette	INFO	Listening on port 51887
1518439856095	Marionette	WARN	TLS certificate errors will be ignored for this session
1518439856170	Marionette	DEBUG	Register listener.js for window 4294967297
1518439856187	Marionette	DEBUG	Received DOM event "beforeunload" for "about:blank"
1518439858214	Marionette	DEBUG	Received DOM event "beforeunload" for "about:blank"
1518439858219	Marionette	DEBUG	Received DOM event "pagehide" for "about:blank"
1518439858219	Marionette	DEBUG	Received DOM event "unload" for "about:blank"
1518439858264	Marionette	DEBUG	Received DOM event "DOMContentLoaded" for "about:neterror?e=connectionFailure&u=http%3A//localhost%3A8000/planner/signup/&c=UTF-8&f=regular&d=Firefox%20ne%20peut%20%C3%A9tablir%20de%20connexion%20avec%20le%20serveur%20%C3%A0%20l%E2%80%99adresse%20localhost%3A8000."
Unable to read VR Path Registry from C:\Users\zelie.ASUS-TANGUY\AppData\Local\openvr\openvrpaths.vrpath
[Parent 16892, Gecko_IOThread] WARNING: pipe error: 109: file z:/build/build/src/ipc/chromium/src/chrome/common/ipc_channel_win.cc, line 346

###!!! [Child][MessageChannel::SendAndWait] Error: Channel error: cannot send/recv

nabled via --marionette
Unable to read VR Path Registry from C:\Users\zelie.ASUS-TANGUY\AppData\Local\openvr\openvrpaths.vrpath
[Child 18020, Chrome_ChildThread] WARNING: pipe error: 109: file z:/build/build/src/ipc/chromium/src/chrome/common/ipc_channel_win.cc, line 346
[Child 18020, Chrome_ChildThread] WARNING: pipe error: 109: file z:/build/build/src/ipc/chromium/src/chrome/common/ipc_channel_win.cc, line 346
1518439914611	Marionette	INFO	Listening on port 52013
1518439915359	Marionette	WARN	TLS certificate errors will be ignored for this session
1518439915438	Marionette	DEBUG	Register listener.js for window 4294967297
1518439941711	geckodriver	INFO	geckodriver 0.19.1
1518439941718	geckodriver	INFO	Listening on 127.0.0.1:52077
1518439944796	mozrunner::runner	INFO	Running command: "D:\\softwares\\Firefox\\firefox.exe" "-marionette" "-profile" "C:\\Users\\ZELIE~1.ASU\\AppData\\Local\\Temp\\rust_mozprofile.h0Uwuq5pGpXY"
1518439945499	Marionette	INFO	Enabled via --marionette
Unable to read VR Path Registry from C:\Users\zelie.ASUS-TANGUY\AppData\Local\openvr\openvrpaths.vrpath
[Child 23644, Chrome_ChildThread] WARNING: pipe error: 109: file z:/build/build/src/ipc/chromium/src/chrome/common/ipc_channel_win.cc, line 346
[Child 23644, Chrome_ChildThread] WARNING: pipe error: 109: file z:/build/build/src/ipc/chromium/src/chrome/common/ipc_channel_win.cc, line 346
1518439947094	Marionette	INFO	Listening on port 52090
1518439947953	Marionette	WARN	TLS certificate errors will be ignored for this session
1518439948024	Marionette	DEBUG	Register listener.js for window 4294967297
1518439948051	Marionette	DEBUG	Received DOM event "beforeunload" for "about:blank"
1518439950086	Marionette	DEBUG	Received DOM event "beforeunload" for "about:blank"
1518439950091	Marionette	DEBUG	Received DOM event "pagehide" for "about:blank"
1518439950092	Marionette	DEBUG	Received DOM event "unload" for "about:blank"
1518439950139	Marionette	DEBUG	Received DOM event "DOMContentLoaded" for "about:neterror?e=connectionFailure&u=http%3A//localhost%3A8000/planner/signup/&c=UTF-8&f=regular&d=Firefox%20ne%20peut%20%C3%A9tablir%20de%20connexion%20avec%20le%20serveur%20%C3%A0%20l%E2%80%99adresse%20localhost%3A8000."
1518440021795	geckodriver	INFO	geckodriver 0.19.1
1518440021803	geckodriver	INFO	Listening on 127.0.0.1:52256
1518440024903	mozrunner::runner	INFO	Running command: "D:\\softwares\\Firefox\\firefox.exe" "-marionette" "-profile" "C:\\Users\\ZELIE~1.ASU\\AppData\\Local\\Temp\\rust_mozprofile.iiJEMCyWiIVw"
1518440025608	Marionette	INFO	Enabled via --marionette
Unable to read VR Path Registry from C:\Users\zelie.ASUS-TANGUY\AppData\Local\openvr\openvrpaths.vrpath
[Child 12440, Chrome_ChildThread] WARNING: pipe error: 109: file z:/build/build/src/ipc/chromium/src/chrome/common/ipc_channel_win.cc, line 346
[Child 12440, Chrome_ChildThread] WARNING: pipe error: 109: file z:/build/build/src/ipc/chromium/src/chrome/common/ipc_channel_win.cc, line 346
1518440027432	Marionette	INFO	Listening on port 52268
1518440028046	Marionette	WARN	TLS certificate errors will be ignored for this session
1518440028095	Marionette	DEBUG	Register listener.js for window 4294967297
1518440028111	Marionette	DEBUG	Received DOM event "beforeunload" for "about:blank"
1518440028475	Marionette	DEBUG	Received DOM event "pagehide" for "about:blank"
1518440028476	Marionette	DEBUG	Received DOM event "unload" for "about:blank"
1518440028487	Marionette	DEBUG	Received DOM event "DOMContentLoaded" for "http://localhost:8000/planner/signup/"
1518440028514	Marionette	DEBUG	Received DOM event "pageshow" for "http://localhost:8000/planner/signup/"
Unable to read VR Path Registry from C:\Users\zelie.ASUS-TANGUY\AppData\Local\openvr\openvrpaths.vrpath
[Child 12220, Chrome_ChildThread] WARNING: pipe error: 109: file z:/build/build/src/ipc/chromium/src/chrome/common/ipc_channel_win.cc, line 464
1518440201940	geckodriver	INFO	geckodriver 0.19.1
1518440201949	geckodriver	INFO	Listening on 127.0.0.1:52552
1518440205039	mozrunner::runner	INFO	Running command: "D:\\softwares\\Firefox\\firefox.exe" "-marionette" "-profile" "C:\\Users\\ZELIE~1.ASU\\AppData\\Local\\Temp\\rust_mozprofile.TAX3HTnOFoum"
1518440205792	Marionette	INFO	Enabled via --marionette
Unable to read VR Path Registry from C:\Users\zelie.ASUS-TANGUY\AppData\Local\openvr\openvrpaths.vrpath
[Child 14716, Chrome_ChildThread] WARNING: pipe error: 109: file z:/build/build/src/ipc/chromium/src/chrome/common/ipc_channel_win.cc, line 346
1518440207458	Marionette	INFO	Listening on port 52564
1518440208184	Marionette	WARN	TLS certificate errors will be ignored for this session
1518440208239	Marionette	DEBUG	Register listener.js for window 4294967297
1518440208257	Marionette	DEBUG	Received DOM event "beforeunload" for "about:blank"
1518440208525	Marionette	DEBUG	Received DOM event "pagehide" for "about:blank"
1518440208525	Marionette	DEBUG	Received DOM event "unload" for "about:blank"
1518440208531	Marionette	DEBUG	Received DOM event "DOMContentLoaded" for "http://localhost:8000/planner/signup/"
1518440208542	Marionette	DEBUG	Received DOM event "pageshow" for "http://localhost:8000/planner/signup/"
Unable to read VR Path Registry from C:\Users\zelie.ASUS-TANGUY\AppData\Local\openvr\openvrpaths.vrpath
[Parent 10764, Gecko_IOThread] WARNING: pipe error: 109: file z:/build/build/src/ipc/chromium/src/chrome/common/ipc_channel_win.cc, line 346
1518440239769	geckodriver	INFO	geckodriver 0.19.1
1518440239776	geckodriver	INFO	Listening on 127.0.0.1:52663
1518440242870	mozrunner::runner	INFO	Running command: "D:\\softwares\\Firefox\\firefox.exe" "-marionette" "-profile" "C:\\Users\\ZELIE~1.ASU\\AppData\\Local\\Temp\\rust_mozprofile.AzBooYEYIzkM"
1518440243618	Marionette	INFO	Enabled via --marionette
Unable to read VR Path Registry from C:\Users\zelie.ASUS-TANGUY\AppData\Local\openvr\openvrpaths.vrpath
[Parent 14816, Gecko_IOThread] WARNING: pipe error: 109: file z:/build/build/src/ipc/chromium/src/chrome/common/ipc_channel_win.cc, line 346
Unable to read VR Path Registry from C:\Users\zelie.ASUS-TANGUY\AppData\Local\openvr\openvrpaths.vrpath
[Child 9072, Chrome_ChildThread] WARNING: pipe error: 109: file z:/build/build/src/ipc/chromium/src/chrome/common/ipc_channel_win.cc, line 346
1518440245369	Marionette	INFO	Listening on port 52677
1518440246033	Marionette	WARN	TLS certificate errors will be ignored for this session
1518440246085	Marionette	DEBUG	Register listener.js for window 4294967297
1518440246103	Marionette	DEBUG	Received DOM event "beforeunload" for "about:blank"
1518440246384	Marionette	DEBUG	Received DOM event "pagehide" for "about:blank"
1518440246384	Marionette	DEBUG	Received DOM event "unload" for "about:blank"
1518440246393	Marionette	DEBUG	Received DOM event "DOMContentLoaded" for "http://localhost:8000/planner/signup"
1518440246675	Marionette	DEBUG	Received DOM event "pageshow" for "http://localhost:8000/planner/signup"
1518440585828	geckodriver	INFO	geckodriver 0.19.1
1518440585835	geckodriver	INFO	Listening on 127.0.0.1:53282
1518440588911	mozrunner::runner	INFO	Running command: "D:\\softwares\\Firefox\\firefox.exe" "-marionette" "-profile" "C:\\Users\\ZELIE~1.ASU\\AppData\\Local\\Temp\\rust_mozprofile.QpVXTFNvUSrx"
1518440589603	Marionette	INFO	Enabled via --marionette
Unable to read VR Path Registry from C:\Users\zelie.ASUS-TANGUY\AppData\Local\openvr\openvrpaths.vrpath
[Parent 23756, Gecko_IOThread] WARNING: pipe error: 109: file z:/build/build/src/ipc/chromium/src/chrome/common/ipc_channel_win.cc, line 346
Unable to read VR Path Registry from C:\Users\zelie.ASUS-TANGUY\AppData\Local\openvr\openvrpaths.vrpath
[Child 17672, Chrome_ChildThread] WARNING: pipe error: 109: file z:/build/build/src/ipc/chromium/src/chrome/common/ipc_channel_win.cc, line 346
[Child 17672, Chrome_ChildThread] WARNING: pipe error: 109: file z:/build/build/src/ipc/chromium/src/chrome/common/ipc_channel_win.cc, line 346
1518440591194	Marionette	INFO	Listening on port 53304
1518440592075	Marionette	WARN	TLS certificate errors will be ignored for this session
1518440592151	Marionette	DEBUG	Register listener.js for window 4294967297
1518440592192	Marionette	DEBUG	Received DOM event "beforeunload" for "about:blank"
1518440592475	Marionette	DEBUG	Received DOM event "pagehide" for "about:blank"
1518440592475	Marionette	DEBUG	Received DOM event "unload" for "about:blank"
1518440592483	Marionette	DEBUG	Received DOM event "DOMContentLoaded" for "http://localhost:8000/planner/signup"
1518440592825	Marionette	DEBUG	Received DOM event "pageshow" for "http://localhost:8000/planner/signup"
1518440624805	geckodriver	INFO	geckodriver 0.19.1
1518440624813	geckodriver	INFO	Listening on 127.0.0.1:53387
1518440627902	mozrunner::runner	INFO	Running command: "D:\\softwares\\Firefox\\firefox.exe" "-marionette" "-profile" "C:\\Users\\ZELIE~1.ASU\\AppData\\Local\\Temp\\rust_mozprofile.WAvvCRxTbBeH"
1518440628586	Marionette	INFO	Enabled via --marionette
Unable to read VR Path Registry from C:\Users\zelie.ASUS-TANGUY\AppData\Local\openvr\openvrpaths.vrpath
[Child 16036, Chrome_ChildThread] WARNING: pipe error: 109: file z:/build/build/src/ipc/chromium/src/chrome/common/ipc_channel_win.cc, line 346
[Child 16036, Chrome_ChildThread] WARNING: pipe error: 109: file z:/build/build/src/ipc/chromium/src/chrome/common/ipc_channel_win.cc, line 346
1518440630032	Marionette	INFO	Listening on port 53399
1518440631034	Marionette	WARN	TLS certificate errors will be ignored for this session
1518440631087	Marionette	DEBUG	Register listener.js for window 4294967297
1518440631105	Marionette	DEBUG	Received DOM event "beforeunload" for "about:blank"
1518440631396	Marionette	DEBUG	Received DOM event "pagehide" for "about:blank"
1518440631396	Marionette	DEBUG	Received DOM event "unload" for "about:blank"
1518440631411	Marionette	DEBUG	Received DOM event "DOMContentLoaded" for "http://localhost:8000/planner/signup"
1518440631679	Marionette	DEBUG	Received DOM event "pageshow" for "http://localhost:8000/planner/signup"
1518440652736	geckodriver	INFO	geckodriver 0.19.1
1518440652743	geckodriver	INFO	Listening on 127.0.0.1:53470
1518440655839	mozrunner::runner	INFO	Running command: "D:\\softwares\\Firefox\\firefox.exe" "-marionette" "-profile" "C:\\Users\\ZELIE~1.ASU\\AppData\\Local\\Temp\\rust_mozprofile.ozh2rAjqYfPB"
1518440656527	Marionette	INFO	Enabled via --marionette
Unable to read VR Path Registry from C:\Users\zelie.ASUS-TANGUY\AppData\Local\openvr\openvrpaths.vrpath
[Child 19304, Chrome_ChildThread] WARNING: pipe error: 109: file z:/build/build/src/ipc/chromium/src/chrome/common/ipc_channel_win.cc, line 346
[Child 19304, Chrome_ChildThread] WARNING: pipe error: 109: file z:/build/build/src/ipc/chromium/src/chrome/common/ipc_channel_win.cc, line 346
1518440658061	Marionette	INFO	Listening on port 53484
1518440658990	Marionette	WARN	TLS certificate errors will be ignored for this session
1518440659040	Marionette	DEBUG	Register listener.js for window 4294967297
1518440659058	Marionette	DEBUG	Received DOM event "beforeunload" for "about:blank"
1518440659349	Marionette	DEBUG	Received DOM event "pagehide" for "about:blank"
1518440659349	Marionette	DEBUG	Received DOM event "unload" for "about:blank"
1518440659357	Marionette	DEBUG	Received DOM event "DOMContentLoaded" for "http://localhost:8000/planner/signup"
1518440659672	Marionette	DEBUG	Received DOM event "pageshow" for "http://localhost:8000/planner/signup"
1518440940943	geckodriver	INFO	geckodriver 0.19.1
1518440940951	geckodriver	INFO	Listening on 127.0.0.1:53929
1518440944035	mozrunner::runner	INFO	Running command: "D:\\softwares\\Firefox\\firefox.exe" "-marionette" "-profile" "C:\\Users\\ZELIE~1.ASU\\AppData\\Local\\Temp\\rust_mozprofile.kjecZ1ICW5Bj"
1518440944755	Marionette	INFO	Enabled via --marionette
Unable to read VR Path Registry from C:\Users\zelie.ASUS-TANGUY\AppData\Local\openvr\openvrpaths.vrpath
[Child 22380, Chrome_ChildThread] WARNING: pipe error: 109: file z:/build/build/src/ipc/chromium/src/chrome/common/ipc_channel_win.cc, line 346
[Child 22380, Chrome_ChildThread] WARNING: pipe error: 109: file z:/build/build/src/ipc/chromium/src/chrome/common/ipc_channel_win.cc, line 346
1518440946305	Marionette	INFO	Listening on port 53941
1518440947185	Marionette	WARN	TLS certificate errors will be ignored for this session
1518440947237	Marionette	DEBUG	Register listener.js for window 4294967297
1518440947272	Marionette	DEBUG	Received DOM event "beforeunload" for "about:blank"
1518440947550	Marionette	DEBUG	Received DOM event "pagehide" for "about:blank"
1518440947550	Marionette	DEBUG	Received DOM event "unload" for "about:blank"
1518440947558	Marionette	DEBUG	Received DOM event "DOMContentLoaded" for "http://localhost:8000/planner/signup"
1518440947911	Marionette	DEBUG	Received DOM event "pageshow" for "http://localhost:8000/planner/signup"
1518441045474	geckodriver	INFO	geckodriver 0.19.1
1518441045482	geckodriver	INFO	Listening on 127.0.0.1:54129
1518441048570	mozrunner::runner	INFO	Running command: "D:\\softwares\\Firefox\\firefox.exe" "-marionette" "-profile" "C:\\Users\\ZELIE~1.ASU\\AppData\\Local\\Temp\\rust_mozprofile.DyOOTbzqtipA"
1518441049256	Marionette	INFO	Enabled via --marionette
Unable to read VR Path Registry from C:\Users\zelie.ASUS-TANGUY\AppData\Local\openvr\openvrpaths.vrpath
[Child 19676, Chrome_ChildThread] WARNING: pipe error: 109: file z:/build/build/src/ipc/chromium/src/chrome/common/ipc_channel_win.cc, line 346
[Child 19676, Chrome_ChildThread] WARNING: pipe error: 109: file z:/build/build/src/ipc/chromium/src/chrome/common/ipc_channel_win.cc, line 346
1518441050825	Marionette	INFO	Listening on port 54141
1518441051736	Marionette	WARN	TLS certificate errors will be ignored for this session
1518441051791	Marionette	DEBUG	Register listener.js for window 4294967297
1518441051810	Marionette	DEBUG	Received DOM event "beforeunload" for "about:blank"
1518441052083	Marionette	DEBUG	Received DOM event "pagehide" for "about:blank"
1518441052083	Marionette	DEBUG	Received DOM event "unload" for "about:blank"
1518441052095	Marionette	DEBUG	Received DOM event "DOMContentLoaded" for "http://localhost:8000/planner/signup"
1518441052398	Marionette	DEBUG	Received DOM event "pageshow" for "http://localhost:8000/planner/signup"
1518441162408	geckodriver	INFO	geckodriver 0.19.1
1518441162416	geckodriver	INFO	Listening on 127.0.0.1:54353
1518441165528	mozrunner::runner	INFO	Running command: "D:\\softwares\\Firefox\\firefox.exe" "-marionette" "-profile" "C:\\Users\\ZELIE~1.ASU\\AppData\\Local\\Temp\\rust_mozprofile.YxVOIJrJXX9K"
1518441166211	Marionette	INFO	Enabled via --marionette
Unable to read VR Path Registry from C:\Users\zelie.ASUS-TANGUY\AppData\Local\openvr\openvrpaths.vrpath
[Child 22448, Chrome_ChildThread] WARNING: pipe error: 109: file z:/build/build/src/ipc/chromium/src/chrome/common/ipc_channel_win.cc, line 346
1518441167972	Marionette	INFO	Listening on port 54365
1518441168668	Marionette	WARN	TLS certificate errors will be ignored for this session
1518441168726	Marionette	DEBUG	Register listener.js for window 4294967297
1518441168741	Marionette	DEBUG	Received DOM event "beforeunload" for "about:blank"
1518441169015	Marionette	DEBUG	Received DOM event "pagehide" for "about:blank"
1518441169015	Marionette	DEBUG	Received DOM event "unload" for "about:blank"
1518441169022	Marionette	DEBUG	Received DOM event "DOMContentLoaded" for "http://localhost:8000/planner/signup"
1518441169283	Marionette	DEBUG	Received DOM event "pageshow" for "http://localhost:8000/planner/signup"
