\BOOKMARK [0][-]{chapter.1}{Introduction}{}% 1
\BOOKMARK [0][-]{chapter.2}{Problem analysis in market gardening}{}% 2
\BOOKMARK [1][-]{section.2.1}{Some vocabulary about market gardening}{chapter.2}% 3
\BOOKMARK [1][-]{section.2.2}{Daily life scenario}{chapter.2}% 4
\BOOKMARK [1][-]{section.2.3}{Profitability of market gardens}{chapter.2}% 5
\BOOKMARK [1][-]{section.2.4}{Researches in gardening}{chapter.2}% 6
\BOOKMARK [1][-]{section.2.5}{Existing tools}{chapter.2}% 7
\BOOKMARK [1][-]{section.2.6}{Conclusion}{chapter.2}% 8
\BOOKMARK [0][-]{chapter.3}{Problem analysis in software engineering}{}% 9
\BOOKMARK [1][-]{section.3.1}{Clients and their needs}{chapter.3}% 10
\BOOKMARK [2][-]{subsection.3.1.1}{UCL}{section.3.1}% 11
\BOOKMARK [2][-]{subsection.3.1.2}{Market gardeners}{section.3.1}% 12
\BOOKMARK [1][-]{section.3.2}{Vocabulary in software engineering}{chapter.3}% 13
\BOOKMARK [1][-]{section.3.3}{Which platform?}{chapter.3}% 14
\BOOKMARK [1][-]{section.3.4}{Which methodology}{chapter.3}% 15
\BOOKMARK [1][-]{section.3.5}{Which languages?}{chapter.3}% 16
\BOOKMARK [2][-]{subsection.3.5.1}{Programming language}{section.3.5}% 17
\BOOKMARK [2][-]{subsection.3.5.2}{Web framework}{section.3.5}% 18
\BOOKMARK [2][-]{subsection.3.5.3}{Query language}{section.3.5}% 19
\BOOKMARK [2][-]{subsection.3.5.4}{Written language}{section.3.5}% 20
\BOOKMARK [1][-]{section.3.6}{Maintenance}{chapter.3}% 21
\BOOKMARK [0][-]{chapter.4}{Solution}{}% 22
\BOOKMARK [0][-]{chapter.5}{Architecture}{}% 23
\BOOKMARK [0][-]{chapter.6}{Implementation}{}% 24
\BOOKMARK [0][-]{chapter.7}{Validation}{}% 25
\BOOKMARK [0][-]{chapter.8}{Conclusion and future work}{}% 26
